This is pdfTeX, Version 3.14159265-2.6-1.40.20 (MiKTeX 2.9.7140 64-bit) (preloaded format=pdflatex 2019.11.7)  6 DEC 2021 19:51
entering extended mode
**./report.tex
(report.tex
LaTeX2e <2018-12-01>

("C:\Users\Luke Waller\AppData\Local\Programs\MiKTeX 2.9\tex/latex/base\article
.cls"
Document Class: article 2018/09/03 v1.4i Standard LaTeX document class

("C:\Users\Luke Waller\AppData\Local\Programs\MiKTeX 2.9\tex/latex/base\size11.
clo"
File: size11.clo 2018/09/03 v1.4i Standard LaTeX file (size option)
)
\c@part=\count80
\c@section=\count81
\c@subsection=\count82
\c@subsubsection=\count83
\c@paragraph=\count84
\c@subparagraph=\count85
\c@figure=\count86
\c@table=\count87
\abovecaptionskip=\skip41
\belowcaptionskip=\skip42
\bibindent=\dimen102
)
("C:\Users\Luke Waller\AppData\Local\Programs\MiKTeX 2.9\tex/latex/fancyhdr\fan
cyhdr.sty"
Package: fancyhdr 2019/01/31 v3.10 Extensive control of page headers and footer
s
\f@nch@headwidth=\skip43
\f@nch@O@elh=\skip44
\f@nch@O@erh=\skip45
\f@nch@O@olh=\skip46
\f@nch@O@orh=\skip47
\f@nch@O@elf=\skip48
\f@nch@O@erf=\skip49
\f@nch@O@olf=\skip50
\f@nch@O@orf=\skip51
)
("C:\Users\Luke Waller\AppData\Local\Programs\MiKTeX 2.9\tex/latex/base\inputen
c.sty"
Package: inputenc 2018/08/11 v1.3c Input encoding file
\inpenc@prehook=\toks14
\inpenc@posthook=\toks15
)
("C:\Users\Luke Waller\AppData\Local\Programs\MiKTeX 2.9\tex/generic/babel\babe
l.sty"
Package: babel 2019/07/19 3.33 The Babel package

("C:\Users\Luke Waller\AppData\Local\Programs\MiKTeX 2.9\tex/generic/babel\swit
ch.def"
File: switch.def 2019/07/19 3.33 Babel switching mechanism
)
*************************************
* Local config file bblopts.cfg used
*

("C:\Users\Luke Waller\AppData\Local\Programs\MiKTeX 2.9\tex/latex/arabi\bblopt
s.cfg"
File: bblopts.cfg 2005/09/08 v0.1 add Arabic and Farsi to "declared" options of
 babel
)
("C:\Users\Luke Waller\AppData\Local\Programs\MiKTeX 2.9\tex/latex/babel-englis
h\english.ldf"
Language: english 2017/06/06 v3.3r English support from the babel system

("C:\Users\Luke Waller\AppData\Local\Programs\MiKTeX 2.9\tex/generic/babel\babe
l.def"
File: babel.def 2019/07/19 3.33 Babel common definitions
\babel@savecnt=\count88
\U@D=\dimen103

("C:\Users\Luke Waller\AppData\Local\Programs\MiKTeX 2.9\tex/generic/babel\txtb
abel.def")
\bbl@dirlevel=\count89
)
\l@canadian = a dialect from \language\l@american 
\l@australian = a dialect from \language\l@british 
\l@newzealand = a dialect from \language\l@british 
))
("C:\Users\Luke Waller\AppData\Local\Programs\MiKTeX 2.9\tex/latex/was\gensymb.
sty"
Package: gensymb 2003/07/02 v1.0 (WaS)
)
("C:\Users\Luke Waller\AppData\Local\Programs\MiKTeX 2.9\tex/latex/amsmath\amsm
ath.sty"
Package: amsmath 2018/12/01 v2.17b AMS math features
\@mathmargin=\skip52

For additional information on amsmath, use the `?' option.

("C:\Users\Luke Waller\AppData\Local\Programs\MiKTeX 2.9\tex/latex/amsmath\amst
ext.sty"
Package: amstext 2000/06/29 v2.01 AMS text

("C:\Users\Luke Waller\AppData\Local\Programs\MiKTeX 2.9\tex/latex/amsmath\amsg
en.sty"
File: amsgen.sty 1999/11/30 v2.0 generic functions
\@emptytoks=\toks16
\ex@=\dimen104
))
("C:\Users\Luke Waller\AppData\Local\Programs\MiKTeX 2.9\tex/latex/amsmath\amsb
sy.sty"
Package: amsbsy 1999/11/29 v1.2d Bold Symbols
\pmbraise@=\dimen105
)
("C:\Users\Luke Waller\AppData\Local\Programs\MiKTeX 2.9\tex/latex/amsmath\amso
pn.sty"
Package: amsopn 2016/03/08 v2.02 operator names
)
\inf@bad=\count90
LaTeX Info: Redefining \frac on input line 223.
\uproot@=\count91
\leftroot@=\count92
LaTeX Info: Redefining \overline on input line 385.
\classnum@=\count93
\DOTSCASE@=\count94
LaTeX Info: Redefining \ldots on input line 482.
LaTeX Info: Redefining \dots on input line 485.
LaTeX Info: Redefining \cdots on input line 606.
\Mathstrutbox@=\box27
\strutbox@=\box28
\big@size=\dimen106
LaTeX Font Info:    Redeclaring font encoding OML on input line 729.
LaTeX Font Info:    Redeclaring font encoding OMS on input line 730.
\macc@depth=\count95
\c@MaxMatrixCols=\count96
\dotsspace@=\muskip10
\c@parentequation=\count97
\dspbrk@lvl=\count98
\tag@help=\toks17
\row@=\count99
\column@=\count100
\maxfields@=\count101
\andhelp@=\toks18
\eqnshift@=\dimen107
\alignsep@=\dimen108
\tagshift@=\dimen109
\tagwidth@=\dimen110
\totwidth@=\dimen111
\lineht@=\dimen112
\@envbody=\toks19
\multlinegap=\skip53
\multlinetaggap=\skip54
\mathdisplay@stack=\toks20
LaTeX Info: Redefining \[ on input line 2844.
LaTeX Info: Redefining \] on input line 2845.
)
("C:\Users\Luke Waller\AppData\Local\Programs\MiKTeX 2.9\tex/latex/amsfonts\ams
symb.sty"
Package: amssymb 2013/01/14 v3.01 AMS font symbols

("C:\Users\Luke Waller\AppData\Local\Programs\MiKTeX 2.9\tex/latex/amsfonts\ams
fonts.sty"
Package: amsfonts 2013/01/14 v3.01 Basic AMSFonts support
\symAMSa=\mathgroup4
\symAMSb=\mathgroup5
LaTeX Font Info:    Overwriting math alphabet `\mathfrak' in version `bold'
(Font)                  U/euf/m/n --> U/euf/b/n on input line 106.
))
("C:\Users\Luke Waller\AppData\Local\Programs\MiKTeX 2.9\tex/latex/algorithms\a
lgorithmic.sty"
Package: algorithmic 2009/08/24 v0.1 Document Style `algorithmic'

("C:\Users\Luke Waller\AppData\Local\Programs\MiKTeX 2.9\tex/latex/base\ifthen.
sty"
Package: ifthen 2014/09/29 v1.1c Standard LaTeX ifthen package (DPC)
)
("C:\Users\Luke Waller\AppData\Local\Programs\MiKTeX 2.9\tex/latex/graphics\key
val.sty"
Package: keyval 2014/10/28 v1.15 key=value parser (DPC)
\KV@toks@=\toks21
)
\c@ALC@unique=\count102
\c@ALC@line=\count103
\c@ALC@rem=\count104
\c@ALC@depth=\count105
\ALC@tlm=\skip55
\algorithmicindent=\skip56
)
("C:\Users\Luke Waller\AppData\Local\Programs\MiKTeX 2.9\tex/latex/graphics\gra
phicx.sty"
Package: graphicx 2017/06/01 v1.1a Enhanced LaTeX Graphics (DPC,SPQR)

("C:\Users\Luke Waller\AppData\Local\Programs\MiKTeX 2.9\tex/latex/graphics\gra
phics.sty"
Package: graphics 2017/06/25 v1.2c Standard LaTeX Graphics (DPC,SPQR)

("C:\Users\Luke Waller\AppData\Local\Programs\MiKTeX 2.9\tex/latex/graphics\tri
g.sty"
Package: trig 2016/01/03 v1.10 sin cos tan (DPC)
)
("C:\Users\Luke Waller\AppData\Local\Programs\MiKTeX 2.9\tex/latex/graphics-cfg
\graphics.cfg"
File: graphics.cfg 2016/06/04 v1.11 sample graphics configuration
)
Package graphics Info: Driver file: pdftex.def on input line 99.

("C:\Users\Luke Waller\AppData\Local\Programs\MiKTeX 2.9\tex/latex/graphics-def
\pdftex.def"
File: pdftex.def 2018/01/08 v1.0l Graphics/color driver for pdftex
))
\Gin@req@height=\dimen113
\Gin@req@width=\dimen114
)
("C:\Users\Luke Waller\AppData\Local\Programs\MiKTeX 2.9\tex/latex/base\textcom
p.sty"
Package: textcomp 2018/08/11 v2.0j Standard LaTeX package
Package textcomp Info: Sub-encoding information:
(textcomp)               5 = only ISO-Adobe without \textcurrency
(textcomp)               4 = 5 + \texteuro
(textcomp)               3 = 4 + \textohm
(textcomp)               2 = 3 + \textestimated + \textcurrency
(textcomp)               1 = TS1 - \textcircled - \t
(textcomp)               0 = TS1 (full)
(textcomp)             Font families with sub-encoding setting implement
(textcomp)             only a restricted character set as indicated.
(textcomp)             Family '?' is the default used for unknown fonts.
(textcomp)             See the documentation for details.
Package textcomp Info: Setting ? sub-encoding to TS1/1 on input line 79.

("C:\Users\Luke Waller\AppData\Local\Programs\MiKTeX 2.9\tex/latex/base\ts1enc.
def"
File: ts1enc.def 2001/06/05 v3.0e (jk/car/fm) Standard LaTeX file
Now handling font encoding TS1 ...
... processing UTF-8 mapping file for font encoding TS1

("C:\Users\Luke Waller\AppData\Local\Programs\MiKTeX 2.9\tex/latex/base\ts1enc.
dfu"
File: ts1enc.dfu 2018/10/05 v1.2f UTF-8 support for inputenc
   defining Unicode char U+00A2 (decimal 162)
   defining Unicode char U+00A3 (decimal 163)
   defining Unicode char U+00A4 (decimal 164)
   defining Unicode char U+00A5 (decimal 165)
   defining Unicode char U+00A6 (decimal 166)
   defining Unicode char U+00A7 (decimal 167)
   defining Unicode char U+00A8 (decimal 168)
   defining Unicode char U+00A9 (decimal 169)
   defining Unicode char U+00AA (decimal 170)
   defining Unicode char U+00AC (decimal 172)
   defining Unicode char U+00AE (decimal 174)
   defining Unicode char U+00AF (decimal 175)
   defining Unicode char U+00B0 (decimal 176)
   defining Unicode char U+00B1 (decimal 177)
   defining Unicode char U+00B2 (decimal 178)
   defining Unicode char U+00B3 (decimal 179)
   defining Unicode char U+00B4 (decimal 180)
   defining Unicode char U+00B5 (decimal 181)
   defining Unicode char U+00B6 (decimal 182)
   defining Unicode char U+00B7 (decimal 183)
   defining Unicode char U+00B9 (decimal 185)
   defining Unicode char U+00BA (decimal 186)
   defining Unicode char U+00BC (decimal 188)
   defining Unicode char U+00BD (decimal 189)
   defining Unicode char U+00BE (decimal 190)
   defining Unicode char U+00D7 (decimal 215)
   defining Unicode char U+00F7 (decimal 247)
   defining Unicode char U+0192 (decimal 402)
   defining Unicode char U+02C7 (decimal 711)
   defining Unicode char U+02D8 (decimal 728)
   defining Unicode char U+02DD (decimal 733)
   defining Unicode char U+0E3F (decimal 3647)
   defining Unicode char U+2016 (decimal 8214)
   defining Unicode char U+2020 (decimal 8224)
   defining Unicode char U+2021 (decimal 8225)
   defining Unicode char U+2022 (decimal 8226)
   defining Unicode char U+2030 (decimal 8240)
   defining Unicode char U+2031 (decimal 8241)
   defining Unicode char U+203B (decimal 8251)
   defining Unicode char U+203D (decimal 8253)
   defining Unicode char U+2044 (decimal 8260)
   defining Unicode char U+204E (decimal 8270)
   defining Unicode char U+2052 (decimal 8274)
   defining Unicode char U+20A1 (decimal 8353)
   defining Unicode char U+20A4 (decimal 8356)
   defining Unicode char U+20A6 (decimal 8358)
   defining Unicode char U+20A9 (decimal 8361)
   defining Unicode char U+20AB (decimal 8363)
   defining Unicode char U+20AC (decimal 8364)
   defining Unicode char U+20B1 (decimal 8369)
   defining Unicode char U+2103 (decimal 8451)
   defining Unicode char U+2116 (decimal 8470)
   defining Unicode char U+2117 (decimal 8471)
   defining Unicode char U+211E (decimal 8478)
   defining Unicode char U+2120 (decimal 8480)
   defining Unicode char U+2122 (decimal 8482)
   defining Unicode char U+2126 (decimal 8486)
   defining Unicode char U+2127 (decimal 8487)
   defining Unicode char U+212E (decimal 8494)
   defining Unicode char U+2190 (decimal 8592)
   defining Unicode char U+2191 (decimal 8593)
   defining Unicode char U+2192 (decimal 8594)
   defining Unicode char U+2193 (decimal 8595)
   defining Unicode char U+2329 (decimal 9001)
   defining Unicode char U+232A (decimal 9002)
   defining Unicode char U+2422 (decimal 9250)
   defining Unicode char U+25E6 (decimal 9702)
   defining Unicode char U+25EF (decimal 9711)
   defining Unicode char U+266A (decimal 9834)
   defining Unicode char U+FEFF (decimal 65279)
))
LaTeX Info: Redefining \oldstylenums on input line 334.
Package textcomp Info: Setting cmr sub-encoding to TS1/0 on input line 349.
Package textcomp Info: Setting cmss sub-encoding to TS1/0 on input line 350.
Package textcomp Info: Setting cmtt sub-encoding to TS1/0 on input line 351.
Package textcomp Info: Setting cmvtt sub-encoding to TS1/0 on input line 352.
Package textcomp Info: Setting cmbr sub-encoding to TS1/0 on input line 353.
Package textcomp Info: Setting cmtl sub-encoding to TS1/0 on input line 354.
Package textcomp Info: Setting ccr sub-encoding to TS1/0 on input line 355.
Package textcomp Info: Setting ptm sub-encoding to TS1/4 on input line 356.
Package textcomp Info: Setting pcr sub-encoding to TS1/4 on input line 357.
Package textcomp Info: Setting phv sub-encoding to TS1/4 on input line 358.
Package textcomp Info: Setting ppl sub-encoding to TS1/3 on input line 359.
Package textcomp Info: Setting pag sub-encoding to TS1/4 on input line 360.
Package textcomp Info: Setting pbk sub-encoding to TS1/4 on input line 361.
Package textcomp Info: Setting pnc sub-encoding to TS1/4 on input line 362.
Package textcomp Info: Setting pzc sub-encoding to TS1/4 on input line 363.
Package textcomp Info: Setting bch sub-encoding to TS1/4 on input line 364.
Package textcomp Info: Setting put sub-encoding to TS1/5 on input line 365.
Package textcomp Info: Setting uag sub-encoding to TS1/5 on input line 366.
Package textcomp Info: Setting ugq sub-encoding to TS1/5 on input line 367.
Package textcomp Info: Setting ul8 sub-encoding to TS1/4 on input line 368.
Package textcomp Info: Setting ul9 sub-encoding to TS1/4 on input line 369.
Package textcomp Info: Setting augie sub-encoding to TS1/5 on input line 370.
Package textcomp Info: Setting dayrom sub-encoding to TS1/3 on input line 371.
Package textcomp Info: Setting dayroms sub-encoding to TS1/3 on input line 372.

Package textcomp Info: Setting pxr sub-encoding to TS1/0 on input line 373.
Package textcomp Info: Setting pxss sub-encoding to TS1/0 on input line 374.
Package textcomp Info: Setting pxtt sub-encoding to TS1/0 on input line 375.
Package textcomp Info: Setting txr sub-encoding to TS1/0 on input line 376.
Package textcomp Info: Setting txss sub-encoding to TS1/0 on input line 377.
Package textcomp Info: Setting txtt sub-encoding to TS1/0 on input line 378.
Package textcomp Info: Setting lmr sub-encoding to TS1/0 on input line 379.
Package textcomp Info: Setting lmdh sub-encoding to TS1/0 on input line 380.
Package textcomp Info: Setting lmss sub-encoding to TS1/0 on input line 381.
Package textcomp Info: Setting lmssq sub-encoding to TS1/0 on input line 382.
Package textcomp Info: Setting lmvtt sub-encoding to TS1/0 on input line 383.
Package textcomp Info: Setting lmtt sub-encoding to TS1/0 on input line 384.
Package textcomp Info: Setting qhv sub-encoding to TS1/0 on input line 385.
Package textcomp Info: Setting qag sub-encoding to TS1/0 on input line 386.
Package textcomp Info: Setting qbk sub-encoding to TS1/0 on input line 387.
Package textcomp Info: Setting qcr sub-encoding to TS1/0 on input line 388.
Package textcomp Info: Setting qcs sub-encoding to TS1/0 on input line 389.
Package textcomp Info: Setting qpl sub-encoding to TS1/0 on input line 390.
Package textcomp Info: Setting qtm sub-encoding to TS1/0 on input line 391.
Package textcomp Info: Setting qzc sub-encoding to TS1/0 on input line 392.
Package textcomp Info: Setting qhvc sub-encoding to TS1/0 on input line 393.
Package textcomp Info: Setting futs sub-encoding to TS1/4 on input line 394.
Package textcomp Info: Setting futx sub-encoding to TS1/4 on input line 395.
Package textcomp Info: Setting futj sub-encoding to TS1/4 on input line 396.
Package textcomp Info: Setting hlh sub-encoding to TS1/3 on input line 397.
Package textcomp Info: Setting hls sub-encoding to TS1/3 on input line 398.
Package textcomp Info: Setting hlst sub-encoding to TS1/3 on input line 399.
Package textcomp Info: Setting hlct sub-encoding to TS1/5 on input line 400.
Package textcomp Info: Setting hlx sub-encoding to TS1/5 on input line 401.
Package textcomp Info: Setting hlce sub-encoding to TS1/5 on input line 402.
Package textcomp Info: Setting hlcn sub-encoding to TS1/5 on input line 403.
Package textcomp Info: Setting hlcw sub-encoding to TS1/5 on input line 404.
Package textcomp Info: Setting hlcf sub-encoding to TS1/5 on input line 405.
Package textcomp Info: Setting pplx sub-encoding to TS1/3 on input line 406.
Package textcomp Info: Setting pplj sub-encoding to TS1/3 on input line 407.
Package textcomp Info: Setting ptmx sub-encoding to TS1/4 on input line 408.
Package textcomp Info: Setting ptmj sub-encoding to TS1/4 on input line 409.
)
("C:\Users\Luke Waller\AppData\Local\Programs\MiKTeX 2.9\tex/latex/xcolor\xcolo
r.sty"
Package: xcolor 2016/05/11 v2.12 LaTeX color extensions (UK)

("C:\Users\Luke Waller\AppData\Local\Programs\MiKTeX 2.9\tex/latex/graphics-cfg
\color.cfg"
File: color.cfg 2016/01/02 v1.6 sample color configuration
)
Package xcolor Info: Driver file: pdftex.def on input line 225.
Package xcolor Info: Model `cmy' substituted by `cmy0' on input line 1348.
Package xcolor Info: Model `hsb' substituted by `rgb' on input line 1352.
Package xcolor Info: Model `RGB' extended on input line 1364.
Package xcolor Info: Model `HTML' substituted by `rgb' on input line 1366.
Package xcolor Info: Model `Hsb' substituted by `hsb' on input line 1367.
Package xcolor Info: Model `tHsb' substituted by `hsb' on input line 1368.
Package xcolor Info: Model `HSB' substituted by `hsb' on input line 1369.
Package xcolor Info: Model `Gray' substituted by `gray' on input line 1370.
Package xcolor Info: Model `wave' substituted by `hsb' on input line 1371.
)
("C:\Users\Luke Waller\AppData\Local\Programs\MiKTeX 2.9\tex/latex/siunitx\siun
itx.sty"
("C:\Users\Luke Waller\AppData\Local\Programs\MiKTeX 2.9\tex/latex/l3kernel\exp
l3.sty"
Package: expl3 2019-10-28 L3 programming layer (loader) 

("C:\Users\Luke Waller\AppData\Local\Programs\MiKTeX 2.9\tex/latex/l3kernel\exp
l3-code.tex"
Package: expl3 2019-10-28 L3 programming layer (code)
\c_max_int=\count106
\l_tmpa_int=\count107
\l_tmpb_int=\count108
\g_tmpa_int=\count109
\g_tmpb_int=\count110
\l__seq_internal_a_int=\count111
\l__seq_internal_b_int=\count112
\g__kernel_prg_map_int=\count113
\c__ior_term_noprompt_ior=\count114
\c_log_iow=\count115
\l_iow_line_count_int=\count116
\l__iow_line_target_int=\count117
\l__iow_one_indent_int=\count118
\l__iow_indent_int=\count119
\c_zero_dim=\dimen115
\c_max_dim=\dimen116
\l_tmpa_dim=\dimen117
\l_tmpb_dim=\dimen118
\g_tmpa_dim=\dimen119
\g_tmpb_dim=\dimen120
\c_zero_skip=\skip57
\c_max_skip=\skip58
\l_tmpa_skip=\skip59
\l_tmpb_skip=\skip60
\g_tmpa_skip=\skip61
\g_tmpb_skip=\skip62
\c_zero_muskip=\muskip11
\c_max_muskip=\muskip12
\l_tmpa_muskip=\muskip13
\l_tmpb_muskip=\muskip14
\g_tmpa_muskip=\muskip15
\g_tmpb_muskip=\muskip16
\l_keys_choice_int=\count120
\l__intarray_loop_int=\count121
\c__intarray_sp_dim=\dimen121
\g__intarray_font_int=\count122
\c__fp_leading_shift_int=\count123
\c__fp_middle_shift_int=\count124
\c__fp_trailing_shift_int=\count125
\c__fp_big_leading_shift_int=\count126
\c__fp_big_middle_shift_int=\count127
\c__fp_big_trailing_shift_int=\count128
\c__fp_Bigg_leading_shift_int=\count129
\c__fp_Bigg_middle_shift_int=\count130
\c__fp_Bigg_trailing_shift_int=\count131
\c__kernel_randint_max_int=\count132
\g__fp_array_int=\count133
\l__fp_array_loop_int=\count134
\l__sort_length_int=\count135
\l__sort_min_int=\count136
\l__sort_top_int=\count137
\l__sort_max_int=\count138
\l__sort_true_max_int=\count139
\l__sort_block_int=\count140
\l__sort_begin_int=\count141
\l__sort_end_int=\count142
\l__sort_A_int=\count143
\l__sort_B_int=\count144
\l__sort_C_int=\count145
\l__str_internal_int=\count146
\c__str_replacement_char_int=\count147
\l__tl_analysis_normal_int=\count148
\l__tl_analysis_index_int=\count149
\l__tl_analysis_nesting_int=\count150
\l__tl_analysis_type_int=\count151
\l__regex_internal_a_int=\count152
\l__regex_internal_b_int=\count153
\l__regex_internal_c_int=\count154
\l__regex_balance_int=\count155
\l__regex_group_level_int=\count156
\l__regex_mode_int=\count157
\c__regex_cs_in_class_mode_int=\count158
\c__regex_cs_mode_int=\count159
\l__regex_catcodes_int=\count160
\l__regex_default_catcodes_int=\count161
\c__regex_catcode_D_int=\count162
\c__regex_catcode_S_int=\count163
\c__regex_catcode_L_int=\count164
\c__regex_catcode_O_int=\count165
\c__regex_catcode_A_int=\count166
\c__regex_all_catcodes_int=\count167
\l__regex_show_lines_int=\count168
\l__regex_min_state_int=\count169
\l__regex_max_state_int=\count170
\l__regex_left_state_int=\count171
\l__regex_right_state_int=\count172
\l__regex_capturing_group_int=\count173
\l__regex_min_pos_int=\count174
\l__regex_max_pos_int=\count175
\l__regex_curr_pos_int=\count176
\l__regex_start_pos_int=\count177
\l__regex_success_pos_int=\count178
\l__regex_curr_char_int=\count179
\l__regex_curr_catcode_int=\count180
\l__regex_last_char_int=\count181
\l__regex_case_changed_char_int=\count182
\l__regex_curr_state_int=\count183
\l__regex_step_int=\count184
\l__regex_min_active_int=\count185
\l__regex_max_active_int=\count186
\l__regex_replacement_csnames_int=\count187
\l__regex_match_count_int=\count188
\l__regex_min_submatch_int=\count189
\l__regex_submatch_int=\count190
\l__regex_zeroth_submatch_int=\count191
\g__regex_trace_regex_int=\count192
\c_empty_box=\box29
\l_tmpa_box=\box30
\l_tmpb_box=\box31
\g_tmpa_box=\box32
\g_tmpb_box=\box33
\l__box_top_dim=\dimen122
\l__box_bottom_dim=\dimen123
\l__box_left_dim=\dimen124
\l__box_right_dim=\dimen125
\l__box_top_new_dim=\dimen126
\l__box_bottom_new_dim=\dimen127
\l__box_left_new_dim=\dimen128
\l__box_right_new_dim=\dimen129
\l__box_internal_box=\box34
\l__coffin_internal_box=\box35
\l__coffin_internal_dim=\dimen130
\l__coffin_offset_x_dim=\dimen131
\l__coffin_offset_y_dim=\dimen132
\l__coffin_x_dim=\dimen133
\l__coffin_y_dim=\dimen134
\l__coffin_x_prime_dim=\dimen135
\l__coffin_y_prime_dim=\dimen136
\c_empty_coffin=\box36
\l__coffin_aligned_coffin=\box37
\l__coffin_aligned_internal_coffin=\box38
\l_tmpa_coffin=\box39
\l_tmpb_coffin=\box40
\g_tmpa_coffin=\box41
\g_tmpb_coffin=\box42
\l__coffin_bounding_shift_dim=\dimen137
\l__coffin_left_corner_dim=\dimen138
\l__coffin_right_corner_dim=\dimen139
\l__coffin_bottom_corner_dim=\dimen140
\l__coffin_top_corner_dim=\dimen141
\l__coffin_scaled_total_height_dim=\dimen142
\l__coffin_scaled_width_dim=\dimen143
\c__coffin_empty_coffin=\box43
\l__coffin_display_coffin=\box44
\l__coffin_display_coord_coffin=\box45
\l__coffin_display_pole_coffin=\box46
\l__coffin_display_offset_dim=\dimen144
\l__coffin_display_x_dim=\dimen145
\l__coffin_display_y_dim=\dimen146
\g__char_data_ior=\read1

("C:\Users\Luke Waller\AppData\Local\Programs\MiKTeX 2.9\tex/latex/l3kernel\l3d
eprecation.def"
File: l3deprecation.def 2019-04-06 v L3 Deprecated functions
))
("C:\Users\Luke Waller\AppData\Local\Programs\MiKTeX 2.9\tex/latex/l3backend\l3
backend-pdfmode.def"
File: l3backend-pdfmode.def 2019-04-06 L3 backend support: PDF mode
\l__kernel_color_stack_int=\count193
\l__pdf_internal_box=\box47
))
("C:\Users\Luke Waller\AppData\Local\Programs\MiKTeX 2.9\tex/latex/l3packages/x
parse\xparse.sty"
Package: xparse 2019-10-11 L3 Experimental document command parser
\l__xparse_current_arg_int=\count194
\g__xparse_grabber_int=\count195
\l__xparse_m_args_int=\count196
\l__xparse_v_nesting_int=\count197
)
Package: siunitx 2019/10/10 v2.7t A comprehensive (SI) units package

("C:\Users\Luke Waller\AppData\Local\Programs\MiKTeX 2.9\tex/latex/tools\array.
sty"
Package: array 2018/12/30 v2.4k Tabular extension package (FMi)
\col@sep=\dimen147
\ar@mcellbox=\box48
\extrarowheight=\dimen148
\NC@list=\toks22
\extratabsurround=\skip63
\backup@length=\skip64
\ar@cellbox=\box49
)
("C:\Users\Luke Waller\AppData\Local\Programs\MiKTeX 2.9\tex/latex/l3packages/l
3keys2e\l3keys2e.sty"
Package: l3keys2e 2019-10-11 LaTeX2e option processing using LaTeX3 keys
)
\l__siunitx_tmp_box=\box50
\l__siunitx_tmp_dim=\dimen149
\l__siunitx_tmp_int=\count198
\l__siunitx_number_mantissa_length_int=\count199
\l__siunitx_number_uncert_length_int=\count266
\l__siunitx_round_int=\count267
\l__siunitx_process_decimal_int=\count268
\l__siunitx_process_uncertainty_int=\count269
\l__siunitx_process_fixed_int=\count270
\l__siunitx_process_integer_min_int=\count271
\l__siunitx_process_precision_int=\count272
\l__siunitx_group_min_int=\count273
\l__siunitx_angle_marker_box=\box51
\l__siunitx_angle_unit_box=\box52
\l__siunitx_angle_marker_dim=\dimen150
\l__siunitx_angle_unit_dim=\dimen151
\l__siunitx_unit_int=\count274
\l__siunitx_unit_denominator_int=\count275
\l__siunitx_unit_numerator_int=\count276
\l__siunitx_unit_prefix_int=\count277
\l__siunitx_unit_prefix_base_int=\count278
\l__siunitx_unit_prefix_gram_int=\count279
\l__siunitx_number_product_int=\count280
\c__siunitx_one_fill_skip=\skip65
\l__siunitx_table_unit_align_skip=\skip66
\l__siunitx_table_exponent_dim=\dimen152
\l__siunitx_table_integer_dim=\dimen153
\l__siunitx_table_mantissa_dim=\dimen154
\l__siunitx_table_marker_dim=\dimen155
\l__siunitx_table_result_dim=\dimen156
\l__siunitx_table_uncert_dim=\dimen157
\l__siunitx_table_fill_pre_dim=\dimen158
\l__siunitx_table_fill_post_dim=\dimen159
\l__siunitx_table_fill_mid_dim=\dimen160
\l__siunitx_table_pre_box=\box53
\l__siunitx_table_post_box=\box54
\l__siunitx_table_mantissa_box=\box55
\l__siunitx_table_result_box=\box56
\l__siunitx_table_number_align_skip=\skip67
\l__siunitx_table_text_align_skip=\skip68

("C:\Users\Luke Waller\AppData\Local\Programs\MiKTeX 2.9\tex/latex/translator\t
ranslator.sty"
Package: translator 2019-05-31 v1.12a Easy translation of strings in LaTeX
))
("C:\Users\Luke Waller\AppData\Local\Programs\MiKTeX 2.9\tex/latex/tools\indent
first.sty"
Package: indentfirst 1995/11/23 v1.03 Indent first paragraph (DPC)
)
("C:\Users\Luke Waller\AppData\Local\Programs\MiKTeX 2.9\tex/latex/geometry\geo
metry.sty"
Package: geometry 2018/04/16 v5.8 Page Geometry

("C:\Users\Luke Waller\AppData\Local\Programs\MiKTeX 2.9\tex/generic/oberdiek\i
fpdf.sty"
Package: ifpdf 2018/09/07 v3.3 Provides the ifpdf switch
)
("C:\Users\Luke Waller\AppData\Local\Programs\MiKTeX 2.9\tex/generic/oberdiek\i
fvtex.sty"
Package: ifvtex 2016/05/16 v1.6 Detect VTeX and its facilities (HO)
Package ifvtex Info: VTeX not detected.
)
("C:\Users\Luke Waller\AppData\Local\Programs\MiKTeX 2.9\tex/generic/ifxetex\if
xetex.sty"
Package: ifxetex 2010/09/12 v0.6 Provides ifxetex conditional
)
\Gm@cnth=\count281
\Gm@cntv=\count282
\c@Gm@tempcnt=\count283
\Gm@bindingoffset=\dimen161
\Gm@wd@mp=\dimen162
\Gm@odd@mp=\dimen163
\Gm@even@mp=\dimen164
\Gm@layoutwidth=\dimen165
\Gm@layoutheight=\dimen166
\Gm@layouthoffset=\dimen167
\Gm@layoutvoffset=\dimen168
\Gm@dimlist=\toks23

("C:\Users\Luke Waller\AppData\Local\Programs\MiKTeX 2.9\tex/latex/geometry\geo
metry.cfg"))
("C:\Users\Luke Waller\AppData\Local\Programs\MiKTeX 2.9\tex/latex/float\float.
sty"
Package: float 2001/11/08 v1.3d Float enhancements (AL)
\c@float@type=\count284
\float@exts=\toks24
\float@box=\box57
\@float@everytoks=\toks25
\@floatcapt=\box58
)
("C:\Users\Luke Waller\AppData\Local\Programs\MiKTeX 2.9\tex/latex/hyperref\hyp
erref.sty"
Package: hyperref 2019/06/12 v6.88h Hypertext links for LaTeX

("C:\Users\Luke Waller\AppData\Local\Programs\MiKTeX 2.9\tex/generic/oberdiek\h
obsub-hyperref.sty"
Package: hobsub-hyperref 2016/05/16 v1.14 Bundle oberdiek, subset hyperref (HO)


("C:\Users\Luke Waller\AppData\Local\Programs\MiKTeX 2.9\tex/generic/oberdiek\h
obsub-generic.sty"
Package: hobsub-generic 2016/05/16 v1.14 Bundle oberdiek, subset generic (HO)
Package: hobsub 2016/05/16 v1.14 Construct package bundles (HO)
Package: infwarerr 2016/05/16 v1.4 Providing info/warning/error messages (HO)
Package: ltxcmds 2016/05/16 v1.23 LaTeX kernel commands for general use (HO)
Package: ifluatex 2016/05/16 v1.4 Provides the ifluatex switch (HO)
Package ifluatex Info: LuaTeX not detected.
Package hobsub Info: Skipping package `ifvtex' (already loaded).
Package: intcalc 2016/05/16 v1.2 Expandable calculations with integers (HO)
Package hobsub Info: Skipping package `ifpdf' (already loaded).
Package: etexcmds 2016/05/16 v1.6 Avoid name clashes with e-TeX commands (HO)
Package: kvsetkeys 2016/05/16 v1.17 Key value parser (HO)
Package: kvdefinekeys 2016/05/16 v1.4 Define keys (HO)
Package: pdftexcmds 2019/07/25 v0.30 Utility functions of pdfTeX for LuaTeX (HO
)
Package pdftexcmds Info: LuaTeX not detected.
Package pdftexcmds Info: \pdf@primitive is available.
Package pdftexcmds Info: \pdf@ifprimitive is available.
Package pdftexcmds Info: \pdfdraftmode found.
Package: pdfescape 2016/05/16 v1.14 Implements pdfTeX's escape features (HO)
Package: bigintcalc 2016/05/16 v1.4 Expandable calculations on big integers (HO
)
Package: bitset 2016/05/16 v1.2 Handle bit-vector datatype (HO)
Package: uniquecounter 2016/05/16 v1.3 Provide unlimited unique counter (HO)
)
Package hobsub Info: Skipping package `hobsub' (already loaded).
Package: letltxmacro 2016/05/16 v1.5 Let assignment for LaTeX macros (HO)
Package: hopatch 2016/05/16 v1.3 Wrapper for package hooks (HO)
Package: xcolor-patch 2016/05/16 xcolor patch
Package: atveryend 2016/05/16 v1.9 Hooks at the very end of document (HO)
Package atveryend Info: \enddocument detected (standard20110627).
Package: atbegshi 2016/06/09 v1.18 At begin shipout hook (HO)
Package: refcount 2016/05/16 v3.5 Data extraction from label references (HO)
Package: hycolor 2016/05/16 v1.8 Color options for hyperref/bookmark (HO)
)
("C:\Users\Luke Waller\AppData\Local\Programs\MiKTeX 2.9\tex/latex/oberdiek\aux
hook.sty"
Package: auxhook 2016/05/16 v1.4 Hooks for auxiliary files (HO)
)
("C:\Users\Luke Waller\AppData\Local\Programs\MiKTeX 2.9\tex/latex/oberdiek\kvo
ptions.sty"
Package: kvoptions 2016/05/16 v3.12 Key value format for package options (HO)
)
\@linkdim=\dimen169
\Hy@linkcounter=\count285
\Hy@pagecounter=\count286

("C:\Users\Luke Waller\AppData\Local\Programs\MiKTeX 2.9\tex/latex/hyperref\pd1
enc.def"
File: pd1enc.def 2019/06/12 v6.88h Hyperref: PDFDocEncoding definition (HO)
Now handling font encoding PD1 ...
... no UTF-8 mapping file for font encoding PD1
)
\Hy@SavedSpaceFactor=\count287

("C:\Users\Luke Waller\AppData\Local\Programs\MiKTeX 2.9\tex/latex/00miktex\hyp
erref.cfg"
File: hyperref.cfg 2002/06/06 v1.2 hyperref configuration of TeXLive
)
Package hyperref Info: Hyper figures OFF on input line 4550.
Package hyperref Info: Link nesting OFF on input line 4555.
Package hyperref Info: Hyper index ON on input line 4558.
Package hyperref Info: Plain pages OFF on input line 4565.
Package hyperref Info: Backreferencing OFF on input line 4570.
Package hyperref Info: Implicit mode ON; LaTeX internals redefined.
Package hyperref Info: Bookmarks ON on input line 4803.
\c@Hy@tempcnt=\count288

("C:\Users\Luke Waller\AppData\Local\Programs\MiKTeX 2.9\tex/latex/url\url.sty"
\Urlmuskip=\muskip17
Package: url 2013/09/16  ver 3.4  Verb mode for urls, etc.
)
LaTeX Info: Redefining \url on input line 5156.
\XeTeXLinkMargin=\dimen170
\Fld@menulength=\count289
\Field@Width=\dimen171
\Fld@charsize=\dimen172
Package hyperref Info: Hyper figures OFF on input line 6411.
Package hyperref Info: Link nesting OFF on input line 6416.
Package hyperref Info: Hyper index ON on input line 6419.
Package hyperref Info: backreferencing OFF on input line 6426.
Package hyperref Info: Link coloring OFF on input line 6431.
Package hyperref Info: Link coloring with OCG OFF on input line 6436.
Package hyperref Info: PDF/A mode OFF on input line 6441.
LaTeX Info: Redefining \ref on input line 6481.
LaTeX Info: Redefining \pageref on input line 6485.
\Hy@abspage=\count290
\c@Item=\count291
\c@Hfootnote=\count292
)
Package hyperref Info: Driver (autodetected): hpdftex.

("C:\Users\Luke Waller\AppData\Local\Programs\MiKTeX 2.9\tex/latex/hyperref\hpd
ftex.def"
File: hpdftex.def 2019/06/12 v6.88h Hyperref driver for pdfTeX
\Fld@listcount=\count293
\c@bookmark@seq@number=\count294

("C:\Users\Luke Waller\AppData\Local\Programs\MiKTeX 2.9\tex/latex/oberdiek\rer
unfilecheck.sty"
Package: rerunfilecheck 2016/05/16 v1.8 Rerun checks for auxiliary files (HO)
Package uniquecounter Info: New unique counter `rerunfilecheck' on input line 2
82.
)
\Hy@SectionHShift=\skip69
)
("C:\Users\Luke Waller\AppData\Local\Programs\MiKTeX 2.9\tex/latex/datetime\dat
etime.sty"
Package: datetime 2015/03/20 v2.60 Date Time Package

("C:\Users\Luke Waller\AppData\Local\Programs\MiKTeX 2.9\tex/latex/etoolbox\eto
olbox.sty"
Package: etoolbox 2019/09/21 v2.5h e-TeX tools for LaTeX (JAW)
\etb@tempcnta=\count295
)
("C:\Users\Luke Waller\AppData\Local\Programs\MiKTeX 2.9\tex/latex/fmtcount\fmt
count.sty"
Package: fmtcount 2020/01/30 v3.07

("C:\Users\Luke Waller\AppData\Local\Programs\MiKTeX 2.9\tex/latex/xkeyval\xkey
val.sty"
Package: xkeyval 2014/12/03 v2.7a package option processing (HA)

("C:\Users\Luke Waller\AppData\Local\Programs\MiKTeX 2.9\tex/generic/xkeyval\xk
eyval.tex"
("C:\Users\Luke Waller\AppData\Local\Programs\MiKTeX 2.9\tex/generic/xkeyval\xk
vutils.tex"
\XKV@toks=\toks26
\XKV@tempa@toks=\toks27
)
\XKV@depth=\count296
File: xkeyval.tex 2014/12/03 v2.7a key=value parser (HA)
))
("C:\Users\Luke Waller\AppData\Local\Programs\MiKTeX 2.9\tex/latex/fmtcount\fcp
refix.sty"
Package: fcprefix 2012/09/28

("C:\Users\Luke Waller\AppData\Local\Programs\MiKTeX 2.9\tex/latex/fmtcount\fcn
umparser.sty"
Package: fcnumparser 2017/06/15
\fc@digit@counter=\count297
))
\c@padzeroesN=\count298
\fc@tmpcatcode=\count299

("C:\Users\Luke Waller\AppData\Local\Programs\MiKTeX 2.9\tex/latex/fmtcount\fc-
english.def"
File: fc-english.def 2016/01/12
)
\@DT@modctr=\count300
\@ordinalctr=\count301
\@orgargctr=\count302
\@strctr=\count303
\@tmpstrctr=\count304
\@DT@loopN=\count305
\@DT@X=\count306
)
("C:\Users\Luke Waller\AppData\Local\Programs\MiKTeX 2.9\tex/latex/datetime\dat
etime-defaults.sty"
Package: datetime-defaults 2013/09/10
)
\@day=\count307
\@month=\count308
\@year=\count309
\c@HOUR=\count310
\c@HOURXII=\count311
\c@MINUTE=\count312
\c@TOHOUR=\count313
\c@TOMINUTE=\count314
\c@SECOND=\count315
\currenthour=\count316
\currentminute=\count317
\currentsecond=\count318
Package datetime Info: No datetime.cfg file found, using default settings on in
put line 308.

("C:\Users\Luke Waller\AppData\Local\Programs\MiKTeX 2.9\tex/latex/datetime\dt-
UKenglish.def"
File: dt-UKenglish.def 2013/09/10
)
\@dtctr=\count319
\dayofyear=\count320
\dayofweek=\count321
LaTeX Info: Redefining \today on input line 736.
\dt@a=\toks28
\dt@b=\toks29
)
("C:\Users\Luke Waller\AppData\Local\Programs\MiKTeX 2.9\tex/latex/setspace\set
space.sty"
Package: setspace 2011/12/19 v6.7a set line spacing
)
("C:\Users\Luke Waller\AppData\Local\Programs\MiKTeX 2.9\tex/latex/tools\hhline
.sty"
Package: hhline 2014/10/28 v2.03 Table rule package (DPC)
)
Package hyperref Info: Option `colorlinks' set `true' on input line 25.
 (report.aux)
\openout1 = `report.aux'.

LaTeX Font Info:    Checking defaults for OML/cmm/m/it on input line 34.
LaTeX Font Info:    ... okay on input line 34.
LaTeX Font Info:    Checking defaults for T1/cmr/m/n on input line 34.
LaTeX Font Info:    ... okay on input line 34.
LaTeX Font Info:    Checking defaults for OT1/cmr/m/n on input line 34.
LaTeX Font Info:    ... okay on input line 34.
LaTeX Font Info:    Checking defaults for OMS/cmsy/m/n on input line 34.
LaTeX Font Info:    ... okay on input line 34.
LaTeX Font Info:    Checking defaults for OMX/cmex/m/n on input line 34.
LaTeX Font Info:    ... okay on input line 34.
LaTeX Font Info:    Checking defaults for U/cmr/m/n on input line 34.
LaTeX Font Info:    ... okay on input line 34.
LaTeX Font Info:    Checking defaults for TS1/cmr/m/n on input line 34.
LaTeX Font Info:    Try loading font information for TS1+cmr on input line 34.

("C:\Users\Luke Waller\AppData\Local\Programs\MiKTeX 2.9\tex/latex/base\ts1cmr.
fd"
File: ts1cmr.fd 2014/09/29 v2.5h Standard LaTeX font definitions
)
LaTeX Font Info:    ... okay on input line 34.
LaTeX Font Info:    Checking defaults for PD1/pdf/m/n on input line 34.
LaTeX Font Info:    ... okay on input line 34.
\symgns@font=\mathgroup6
LaTeX Font Info:    Overwriting symbol font `gns@font' in version `bold'
(Font)                  TS1/cmr/m/n --> TS1/cmr/bx/n on input line 34.
Package gensymb Info: Math companion symbols declared on input line 34.
LaTeX Info: Redefining \degree on input line 34.
LaTeX Info: Redefining \celsius on input line 34.
Package gensymb Info: Using text companion symbols for \degree, \celsius and \p
erthousand on input line 34.
LaTeX Info: Redefining \ohm on input line 34.
Package gensymb Info: Using \textohm for \ohm on input line 34.
Package gensymb Info: Using \textmu for \micro on input line 34.

("C:\Users\Luke Waller\AppData\Local\Programs\MiKTeX 2.9\tex/context/base/mkii\
supp-pdf.mkii"
[Loading MPS to PDF converter (version 2006.09.02).]
\scratchcounter=\count322
\scratchdimen=\dimen173
\scratchbox=\box59
\nofMPsegments=\count323
\nofMParguments=\count324
\everyMPshowfont=\toks30
\MPscratchCnt=\count325
\MPscratchDim=\dimen174
\MPnumerator=\count326
\makeMPintoPDFobject=\count327
\everyMPtoPDFconversion=\toks31
)
("C:\Users\Luke Waller\AppData\Local\Programs\MiKTeX 2.9\tex/latex/oberdiek\eps
topdf-base.sty"
Package: epstopdf-base 2016/05/15 v2.6 Base part for package epstopdf

("C:\Users\Luke Waller\AppData\Local\Programs\MiKTeX 2.9\tex/latex/oberdiek\grf
ext.sty"
Package: grfext 2016/05/16 v1.2 Manage graphics extensions (HO)
)
Package epstopdf-base Info: Redefining graphics rule for `.eps' on input line 4
38.
Package grfext Info: Graphics extension search list:
(grfext)             [.pdf,.png,.jpg,.mps,.jpeg,.jbig2,.jb2,.PDF,.PNG,.JPG,.JPE
G,.JBIG2,.JB2,.eps]
(grfext)             \AppendGraphicsExtensions on input line 456.
)
("C:\Users\Luke Waller\AppData\Local\Programs\MiKTeX 2.9\tex/latex/translator\t
ranslator-basic-dictionary-English.dict"
Dictionary: translator-basic-dictionary, Language: English 
)
("C:\Users\Luke Waller\AppData\Local\Programs\MiKTeX 2.9\tex/latex/siunitx\siun
itx-abbreviations.cfg"
File: siunitx-abbreviations.cfg 2017/11/26 v2.7k siunitx: Abbreviated units
)
*geometry* driver: auto-detecting
*geometry* detected driver: pdftex
*geometry* verbose mode - [ preamble ] result:
* driver: pdftex
* paper: <default>
* layout: <same size as paper>
* layoutoffset:(h,v)=(0.0pt,0.0pt)
* modes: 
* h-part:(L,W,R)=(71.13188pt, 472.03123pt, 71.13188pt)
* v-part:(T,H,B)=(71.13188pt, 652.70622pt, 71.13188pt)
* \paperwidth=614.295pt
* \paperheight=794.96999pt
* \textwidth=472.03123pt
* \textheight=652.70622pt
* \oddsidemargin=-1.1381pt
* \evensidemargin=-1.1381pt
* \topmargin=-38.1381pt
* \headheight=12.0pt
* \headsep=25.0pt
* \topskip=11.0pt
* \footskip=30.0pt
* \marginparwidth=59.0pt
* \marginparsep=10.0pt
* \columnsep=10.0pt
* \skip\footins=10.0pt plus 4.0pt minus 2.0pt
* \hoffset=0.0pt
* \voffset=0.0pt
* \mag=1000
* \@twocolumnfalse
* \@twosidefalse
* \@mparswitchfalse
* \@reversemarginfalse
* (1in=72.27pt=25.4mm, 1cm=28.453pt)

\AtBeginShipoutBox=\box60
Package hyperref Info: Link coloring ON on input line 34.

("C:\Users\Luke Waller\AppData\Local\Programs\MiKTeX 2.9\tex/latex/hyperref\nam
eref.sty"
Package: nameref 2016/05/21 v2.44 Cross-referencing by name of section

("C:\Users\Luke Waller\AppData\Local\Programs\MiKTeX 2.9\tex/generic/oberdiek\g
ettitlestring.sty"
Package: gettitlestring 2016/05/16 v1.5 Cleanup title references (HO)
)
\c@section@level=\count328
)
LaTeX Info: Redefining \ref on input line 34.
LaTeX Info: Redefining \pageref on input line 34.
LaTeX Info: Redefining \nameref on input line 34.
 (report.out) (report.out)
\@outlinefile=\write3
\openout3 = `report.out'.

LaTeX Font Info:    Try loading font information for U+msa on input line 34.

("C:\Users\Luke Waller\AppData\Local\Programs\MiKTeX 2.9\tex/latex/amsfonts\ums
a.fd"
File: umsa.fd 2013/01/14 v3.01 AMS symbols A
)
LaTeX Font Info:    Try loading font information for U+msb on input line 34.

("C:\Users\Luke Waller\AppData\Local\Programs\MiKTeX 2.9\tex/latex/amsfonts\ums
b.fd"
File: umsb.fd 2013/01/14 v3.01 AMS symbols B
)

Package Fancyhdr Warning: \headheight is too small (12.0pt): 
Make it at least 13.59999pt.
We now make it that large for the rest of the document.
This may cause the page layout to be inconsistent, however.

[1{C:/Users/Luke Waller/AppData/Local/MiKTeX/2.9/pdftex/config/pdftex.map}

]
(report.toc)
\tf@toc=\write4
\openout4 = `report.toc'.

 [2]
<generateArmDataCode.jpg, id=105, 583.42969pt x 281.55188pt>
File: generateArmDataCode.jpg Graphic file (type jpg)
<use generateArmDataCode.jpg>
Package pdftex.def Info: generateArmDataCode.jpg  used on input line 52.
(pdftex.def)             Requested size: 341.43306pt x 164.77376pt.
<generateUniformDistribution.jpg, id=107, 545.78906pt x 86.57344pt>
File: generateUniformDistribution.jpg Graphic file (type jpg)
<use generateUniformDistribution.jpg>
Package pdftex.def Info: generateUniformDistribution.jpg  used on input line 60
.
(pdftex.def)             Requested size: 341.43306pt x 54.15845pt.
<GenerateArmDataCode.jpg, id=110, 583.42969pt x 281.55188pt>
File: GenerateArmDataCode.jpg Graphic file (type jpg)
<use GenerateArmDataCode.jpg>
Package pdftex.def Info: GenerateArmDataCode.jpg  used on input line 68.
(pdftex.def)             Requested size: 341.43306pt x 164.77376pt.
 [1 <./generateArmDataCode.jpg> <./generateUniformDistribution.jpg>]
<arm_endpoint.jpg, id=119, 618.05907pt x 456.20438pt>
File: arm_endpoint.jpg Graphic file (type jpg)
<use arm_endpoint.jpg>
Package pdftex.def Info: arm_endpoint.jpg  used on input line 74.
(pdftex.def)             Requested size: 256.0748pt x 189.02194pt.
<Neural_network_defintions.jpg, id=121, 568.37344pt x 624.83438pt>
File: Neural_network_defintions.jpg Graphic file (type jpg)
<use Neural_network_defintions.jpg>
Package pdftex.def Info: Neural_network_defintions.jpg  used on input line 85.
(pdftex.def)             Requested size: 341.43306pt x 375.36116pt.
 [2 <./GenerateArmDataCode.jpg> <./arm_endpoint.jpg>]
<Neural_network_training.jpg, id=128, 935.74594pt x 627.09282pt>
File: Neural_network_training.jpg Graphic file (type jpg)
<use Neural_network_training.jpg>
Package pdftex.def Info: Neural_network_training.jpg  used on input line 93.
(pdftex.def)             Requested size: 426.79134pt x 286.01662pt.
 [3 <./Neural_network_defintions.jpg>]
<Neural_network_feed_forward.jpg, id=136, 569.12625pt x 279.29344pt>
File: Neural_network_feed_forward.jpg Graphic file (type jpg)
<use Neural_network_feed_forward.jpg>
Package pdftex.def Info: Neural_network_feed_forward.jpg  used on input line 10
6.
(pdftex.def)             Requested size: 341.43306pt x 167.5603pt.
 [4 <./Neural_network_training.jpg>]
<error_over_itterations.jpg, id=145, 398.99063pt x 304.88907pt>
File: error_over_itterations.jpg Graphic file (type jpg)
<use error_over_itterations.jpg>
Package pdftex.def Info: error_over_itterations.jpg  used on input line 114.
(pdftex.def)             Requested size: 341.43306pt x 260.91547pt.
 [5 <./Neural_network_feed_forward.jpg> <./error_over_itterations.jpg>]
<training_workspace_of_the_endpoint-of_a_2-link_arm.jpg, id=153, 928.21782pt x 
706.89093pt>
File: training_workspace_of_the_endpoint-of_a_2-link_arm.jpg Graphic file (type
 jpg)
<use training_workspace_of_the_endpoint-of_a_2-link_arm.jpg>
Package pdftex.def Info: training_workspace_of_the_endpoint-of_a_2-link_arm.jpg
  used on input line 124.
(pdftex.def)             Requested size: 426.79134pt x 325.03355pt.
 [6 <./training_workspace_of_the_endpoint-of_a_2-link_arm.jpg>]
<training_workspace_of_the_endpoint-of_a_2-link_arm_100_hidden_layers.jpg, id=1
60, 887.56593pt x 599.23875pt>
File: training_workspace_of_the_endpoint-of_a_2-link_arm_100_hidden_layers.jpg 
Graphic file (type jpg)
<use training_workspace_of_the_endpoint-of_a_2-link_arm_100_hidden_layers.jpg>
Package pdftex.def Info: training_workspace_of_the_endpoint-of_a_2-link_arm_100
_hidden_layers.jpg  used on input line 137.
(pdftex.def)             Requested size: 426.79134pt x 288.14337pt.
 [7 <./training_workspace_of_the_endpoint-of_a_2-link_arm_100_hidden_layers.jpg
>]
<training_workspace_of_the_endpoint-of_a_2-link_arm_2_hidden_layers.jpg, id=167
, 720.44156pt x 550.30594pt>
File: training_workspace_of_the_endpoint-of_a_2-link_arm_2_hidden_layers.jpg Gr
aphic file (type jpg)
<use training_workspace_of_the_endpoint-of_a_2-link_arm_2_hidden_layers.jpg>
Package pdftex.def Info: training_workspace_of_the_endpoint-of_a_2-link_arm_2_h
idden_layers.jpg  used on input line 145.
(pdftex.def)             Requested size: 426.79134pt x 325.99602pt.
<training_workspace_of_the_endpoint-of_a_2-link_arm_10000_tests.jpg, id=169, 90
7.13907pt x 686.565pt>
File: training_workspace_of_the_endpoint-of_a_2-link_arm_10000_tests.jpg Graphi
c file (type jpg)
<use training_workspace_of_the_endpoint-of_a_2-link_arm_10000_tests.jpg>
Package pdftex.def Info: training_workspace_of_the_endpoint-of_a_2-link_arm_100
00_tests.jpg  used on input line 153.
(pdftex.def)             Requested size: 426.79134pt x 323.01035pt.
 [8 <./training_workspace_of_the_endpoint-of_a_2-link_arm_2_hidden_layers.jpg>]
<training_workspace_of_the_endpoint-of_a_2-link_arm_alpha_0001.jpg, id=176, 876
.27374pt x 593.96906pt>
File: training_workspace_of_the_endpoint-of_a_2-link_arm_alpha_0001.jpg Graphic
 file (type jpg)
<use training_workspace_of_the_endpoint-of_a_2-link_arm_alpha_0001.jpg>
Package pdftex.def Info: training_workspace_of_the_endpoint-of_a_2-link_arm_alp
ha_0001.jpg  used on input line 161.
(pdftex.def)             Requested size: 426.79134pt x 289.29817pt.
 [9 <./training_workspace_of_the_endpoint-of_a_2-link_arm_10000_tests.jpg>]
<error_over_itterations_alpha_0001.jpg, id=182, 510.40688pt x 400.49625pt>
File: error_over_itterations_alpha_0001.jpg Graphic file (type jpg)
<use error_over_itterations_alpha_0001.jpg>
Package pdftex.def Info: error_over_itterations_alpha_0001.jpg  used on input l
ine 167.
(pdftex.def)             Requested size: 284.52756pt x 223.26804pt.
 [10 <./training_workspace_of_the_endpoint-of_a_2-link_arm_alpha_0001.jpg> <./e
rror_over_itterations_alpha_0001.jpg>]
<random_starting_state.jpg, id=192, 630.10406pt x 249.93375pt>
File: random_starting_state.jpg Graphic file (type jpg)
<use random_starting_state.jpg>
Package pdftex.def Info: random_starting_state.jpg  used on input line 178.
(pdftex.def)             Requested size: 426.79134pt x 169.28911pt.
<blocked_states.jpg, id=193, 1035.87pt x 687.31781pt>
File: blocked_states.jpg Graphic file (type jpg)
<use blocked_states.jpg>
Package pdftex.def Info: blocked_states.jpg  used on input line 184.
(pdftex.def)             Requested size: 426.79134pt x 283.1865pt.
 [11 <./random_starting_state.jpg>]
<blocked_states_and_avaliable_states.jpg, id=200, 1037.37563pt x 229.60782pt>
File: blocked_states_and_avaliable_states.jpg Graphic file (type jpg)
<use blocked_states_and_avaliable_states.jpg>
Package pdftex.def Info: blocked_states_and_avaliable_states.jpg  used on input
 line 190.
(pdftex.def)             Requested size: 426.79134pt x 94.46564pt.
<Histogram_of_starting_states.jpg, id=201, 724.20563pt x 633.11531pt>
File: Histogram_of_starting_states.jpg Graphic file (type jpg)
<use Histogram_of_starting_states.jpg>
Package pdftex.def Info: Histogram_of_starting_states.jpg  used on input line 1
98.
(pdftex.def)             Requested size: 426.79134pt x 373.10973pt.
 [12 <./blocked_states.jpg> <./blocked_states_and_avaliable_states.jpg>]
<code_to_output_start_state_histo.jpg, id=209, 630.85687pt x 198.7425pt>
File: code_to_output_start_state_histo.jpg Graphic file (type jpg)
<use code_to_output_start_state_histo.jpg>
Package pdftex.def Info: code_to_output_start_state_histo.jpg  used on input li
ne 208.
(pdftex.def)             Requested size: 426.79134pt x 134.45471pt.
 [13 <./Histogram_of_starting_states.jpg>]
<reward_function.jpg, id=215, 606.76688pt x 229.60782pt>
File: reward_function.jpg Graphic file (type jpg)
<use reward_function.jpg>
Package pdftex.def Info: reward_function.jpg  used on input line 216.
(pdftex.def)             Requested size: 426.79134pt x 161.50566pt.
<Transition_table.jpg, id=217, 733.23938pt x 1035.87pt>
File: Transition_table.jpg Graphic file (type jpg)
<use Transition_table.jpg>
Package pdftex.def Info: Transition_table.jpg  used on input line 226.
(pdftex.def)             Requested size: 341.43306pt x 482.35423pt.
 [14 <./code_to_output_start_state_histo.jpg> <./reward_function.jpg>] [15 <./T
ransition_table.jpg>]
<initialise_q_values.jpg, id=229, 749.80125pt x 240.14719pt>
File: initialise_q_values.jpg Graphic file (type jpg)
<use initialise_q_values.jpg>
Package pdftex.def Info: initialise_q_values.jpg  used on input line 236.
(pdftex.def)             Requested size: 426.79134pt x 136.69475pt.
<init_q_values_values.jpg, id=230, 147.55125pt x 51.94406pt>
File: init_q_values_values.jpg Graphic file (type jpg)
<use init_q_values_values.jpg>
Package pdftex.def Info: init_q_values_values.jpg  used on input line 242.
(pdftex.def)             Requested size: 142.26378pt x 50.08368pt.
<Q-learning_values.jpg, id=231, 201.00093pt x 246.1697pt>
File: Q-learning_values.jpg Graphic file (type jpg)
<use Q-learning_values.jpg>
Package pdftex.def Info: Q-learning_values.jpg  used on input line 252.
(pdftex.def)             Requested size: 142.26378pt x 174.23328pt.

[16 <./initialise_q_values.jpg> <./init_q_values_values.jpg>]
<Q-learning-implementation.jpg, id=238, 875.52094pt x 580.41844pt>
File: Q-learning-implementation.jpg Graphic file (type jpg)
<use Q-learning-implementation.jpg>
Package pdftex.def Info: Q-learning-implementation.jpg  used on input line 258.

(pdftex.def)             Requested size: 426.79134pt x 282.93735pt.
 [17 <./Q-learning_values.jpg> <./Q-learning-implementation.jpg>]
<greedy_action.jpg, id=248, 630.10406pt x 286.06876pt>
File: greedy_action.jpg Graphic file (type jpg)
<use greedy_action.jpg>
Package pdftex.def Info: greedy_action.jpg  used on input line 266.
(pdftex.def)             Requested size: 426.79134pt x 193.76465pt.
<update_q-table.jpg, id=249, 767.11594pt x 230.36063pt>
File: update_q-table.jpg Graphic file (type jpg)
<use update_q-table.jpg>
Package pdftex.def Info: update_q-table.jpg  used on input line 274.
(pdftex.def)             Requested size: 426.79134pt x 128.16449pt.
 [18 <./greedy_action.jpg>]
<Q-learning_trials.jpg, id=255, 872.50969pt x 699.36281pt>
File: Q-learning_trials.jpg Graphic file (type jpg)
<use Q-learning_trials.jpg>
Package pdftex.def Info: Q-learning_trials.jpg  used on input line 284.
(pdftex.def)             Requested size: 426.79134pt x 342.09317pt.

[19 <./update_q-table.jpg>]
<Q-learning_in_operation_across_multiple_trials.jpg, id=261, 576.65437pt x 505.
89pt>
File: Q-learning_in_operation_across_multiple_trials.jpg Graphic file (type jpg
)
<use Q-learning_in_operation_across_multiple_trials.jpg>
Package pdftex.def Info: Q-learning_in_operation_across_multiple_trials.jpg  us
ed on input line 292.
(pdftex.def)             Requested size: 426.79134pt x 374.42992pt.
 [20 <./Q-learning_trials.jpg>]
<q-learning_with_exploration_set_to_zero.jpg, id=268, 1132.23pt x 765.6103pt>
File: q-learning_with_exploration_set_to_zero.jpg Graphic file (type jpg)
<use q-learning_with_exploration_set_to_zero.jpg>
Package pdftex.def Info: q-learning_with_exploration_set_to_zero.jpg  used on i
nput line 302.
(pdftex.def)             Requested size: 426.79134pt x 288.5868pt.
 [21 <./Q-learning_in_operation_across_multiple_trials.jpg>]
<maze_solution_1.jpg, id=277, 584.1825pt x 600.74437pt>
File: maze_solution_1.jpg Graphic file (type jpg)
<use maze_solution_1.jpg>
Package pdftex.def Info: maze_solution_1.jpg  used on input line 310.
(pdftex.def)             Requested size: 256.0748pt x 263.33835pt.
 [22 <./q-learning_with_exploration_set_to_zero.jpg>]
<maze_solution_2.jpg, id=286, 536.75531pt x 490.83376pt>
File: maze_solution_2.jpg Graphic file (type jpg)
<use maze_solution_2.jpg>
Package pdftex.def Info: maze_solution_2.jpg  used on input line 316.
(pdftex.def)             Requested size: 256.0748pt x 234.16702pt.
<maze_solution_3.jpg, id=287, 597.73312pt x 527.72156pt>
File: maze_solution_3.jpg Graphic file (type jpg)
<use maze_solution_3.jpg>
Package pdftex.def Info: maze_solution_3.jpg  used on input line 322.
(pdftex.def)             Requested size: 256.0748pt x 226.0784pt.
 [23 <./maze_solution_1.jpg> <./maze_solution_2.jpg>]
<maze_inside_robot_workspace_code.jpg, id=296, 579.66562pt x 322.95656pt>
File: maze_inside_robot_workspace_code.jpg Graphic file (type jpg)
<use maze_inside_robot_workspace_code.jpg>
Package pdftex.def Info: maze_inside_robot_workspace_code.jpg  used on input li
ne 333.
(pdftex.def)             Requested size: 284.52756pt x 158.52113pt.
<maze_inside_robot_workspace.jpg, id=297, 1705.12032pt x 966.61125pt>
File: maze_inside_robot_workspace.jpg Graphic file (type jpg)
<use maze_inside_robot_workspace.jpg>
Package pdftex.def Info: maze_inside_robot_workspace.jpg  used on input line 33
9.
(pdftex.def)             Requested size: 426.79134pt x 241.93245pt.
 [24 <./maze_solution_3.jpg> <./maze_inside_robot_workspace_code.jpg>]
<saled_feed_forward_pass_of_arm.jpg, id=305, 654.19406pt x 263.48438pt>
File: saled_feed_forward_pass_of_arm.jpg Graphic file (type jpg)
<use saled_feed_forward_pass_of_arm.jpg>
Package pdftex.def Info: saled_feed_forward_pass_of_arm.jpg  used on input line
 347.
(pdftex.def)             Requested size: 426.79134pt x 171.89401pt.
<output_frames_on_maze.jpg, id=306, 721.94719pt x 446.41782pt>
File: output_frames_on_maze.jpg Graphic file (type jpg)
<use output_frames_on_maze.jpg>
Package pdftex.def Info: output_frames_on_maze.jpg  used on input line 355.
(pdftex.def)             Requested size: 426.79134pt x 263.90872pt.
 [25 <./maze_inside_robot_workspace.jpg> <./saled_feed_forward_pass_of_arm.jpg>
]
<arm_moving-through_workspace.jpg, id=313, 1729.21031pt x 944.7797pt>
File: arm_moving-through_workspace.jpg Graphic file (type jpg)
<use arm_moving-through_workspace.jpg>
Package pdftex.def Info: arm_moving-through_workspace.jpg  used on input line 3
61.
(pdftex.def)             Requested size: 426.79134pt x 233.18137pt.
 [26 <./output_frames_on_maze.jpg> <./arm_moving-through_workspace.jpg>]
Package atveryend Info: Empty hook `BeforeClearDocument' on input line 372.
 [27]
Package atveryend Info: Empty hook `AfterLastShipout' on input line 372.
 (report.aux)
Package atveryend Info: Executing hook `AtVeryEndDocument' on input line 372.
Package atveryend Info: Executing hook `AtEndAfterFileList' on input line 372.
Package rerunfilecheck Info: File `report.out' has not changed.
(rerunfilecheck)             Checksum: F08F09E0FB0BCB7CABA59C4533733671;1274.
Package atveryend Info: Empty hook `AtVeryVeryEnd' on input line 372.
 ) 
Here is how much of TeX's memory you used:
 22069 strings out of 492895
 412752 string characters out of 3120931
 493030 words of memory out of 3000000
 25642 multiletter control sequences out of 15000+200000
 543597 words of font info for 66 fonts, out of 3000000 for 9000
 1141 hyphenation exceptions out of 8191
 41i,11n,61p,1246b,766s stack positions out of 5000i,500n,10000p,200000b,50000s
<C:/Users/Luke Waller/AppData/Local/Programs/MiKTeX 2.9/fonts/type1/public/am
sfonts/cm/cmbx10.pfb><C:/Users/Luke Waller/AppData/Local/Programs/MiKTeX 2.9/fo
nts/type1/public/amsfonts/cm/cmbx12.pfb><C:/Users/Luke Waller/AppData/Local/Pro
grams/MiKTeX 2.9/fonts/type1/public/amsfonts/cm/cmmi10.pfb><C:/Users/Luke Walle
r/AppData/Local/Programs/MiKTeX 2.9/fonts/type1/public/amsfonts/cm/cmr10.pfb><C
:/Users/Luke Waller/AppData/Local/Programs/MiKTeX 2.9/fonts/type1/public/amsfon
ts/cm/cmr12.pfb><C:/Users/Luke Waller/AppData/Local/Programs/MiKTeX 2.9/fonts/t
ype1/public/amsfonts/cm/cmr8.pfb><C:/Users/Luke Waller/AppData/Local/Programs/M
iKTeX 2.9/fonts/type1/public/amsfonts/cm/cmsy10.pfb><C:/Users/Luke Waller/AppDa
ta/Local/Programs/MiKTeX 2.9/fonts/type1/public/amsfonts/cm/cmsy8.pfb>
Output written on report.pdf (29 pages, 6449732 bytes).
PDF statistics:
 376 PDF objects out of 1000 (max. 8388607)
 86 named destinations out of 1000 (max. 500000)
 327 words of extra memory for PDF output out of 10000 (max. 10000000)

